<?xml version="1.0" encoding="UTF-8"?>
<!-- Generated by org.testng.reporters.JUnitReportReporter -->
<testsuite skipped="0" hostname="C02RQ1BZG8WM" name="tests.sampleTestJenkins" tests="1" failures="0" timestamp="18 Nov 2018 02:03:43 GMT" time="1.641" errors="0">
  <testcase name="testMyApp" time="1.641" classname="tests.sampleTestJenkins"/>
</testsuite> <!-- tests.sampleTestJenkins -->
