<?xml version="1.0" encoding="UTF-8"?>
<!-- Generated by org.testng.reporters.JUnitReportReporter -->
<testsuite skipped="0" hostname="C02RQ1BZG8WM" name="tests.sampleTestJenkins" tests="1" failures="0" timestamp="14 Dec 2018 01:34:37 GMT" time="2.695" errors="0">
  <testcase name="testMyApp" time="2.695" classname="tests.sampleTestJenkins"/>
</testsuite> <!-- tests.sampleTestJenkins -->
